Added Component: Designator=B1(MB6S)
Added Component: Designator=B2(MB6S)
Added Component: Designator=B3(MB6S)
Added Component: Designator=B4(MB6S)
Added Component: Designator=B5(MB6S)
Added Component: Designator=B6(MB6S)
Added Component: Designator=B7(MB6S)
Added Component: Designator=B8(MB6S)
Added Component: Designator=B9(MB6S)
Added Component: Designator=B10(MB6S)
Added Component: Designator=C1(C0805)
Added Component: Designator=D1(3.5X2.8X1.9)
Added Component: Designator=P1(HDR1X2)
Added Component: Designator=P2(HDR1X2)
Added Component: Designator=P3(HDR1X2)
Added Component: Designator=P4(HDR1X2)
Added Component: Designator=P5(HDR1X2)
Added Component: Designator=P6(HDR1X2)
Added Component: Designator=P7(HDR1X2)
Added Component: Designator=P8(HDR1X2)
Added Component: Designator=P9(HDR1X2)
Added Component: Designator=P10(HDR1X2)
Added Component: Designator=P11(HDR1X2)
Added Component: Designator=P?(HDR1X2)
Added Component: Designator=P?(HDR1X2)
Added Pin To Net: NetName=NetC1_2 Pin=C1-2
Added Pin To Net: NetName=NetC1_2 Pin=D1-1
Added Net: Name=NetC1_2
Added Pin To Net: NetName=NetD1_2 Pin=D1-2
Added Pin To Net: NetName=NetD1_2 Pin=P11-1
Added Net: Name=NetD1_2
Added Member To Class: ClassName=Led Lighting Member=Component B1 
Added Member To Class: ClassName=Led Lighting Member=Component B2 Bridge MB6s 2
Added Member To Class: ClassName=Led Lighting Member=Component B3 Bridge MB6s 3
Added Member To Class: ClassName=Led Lighting Member=Component B4 Bridge MB6s 4
Added Member To Class: ClassName=Led Lighting Member=Component B5 Bridge MB6s 5
Added Member To Class: ClassName=Led Lighting Member=Component B6 Bridge MB6s 6
Added Member To Class: ClassName=Led Lighting Member=Component B7 Bridge MB6s 7
Added Member To Class: ClassName=Led Lighting Member=Component B8 Bridge MB6s 8
Added Member To Class: ClassName=Led Lighting Member=Component B9 Bridge MB6s 9
Added Member To Class: ClassName=Led Lighting Member=Component B10 Bridge MB6s 10
Added Member To Class: ClassName=Led Lighting Member=Component C1 Cap Pol3
Added Member To Class: ClassName=Led Lighting Member=Component D1 LED3
Added Member To Class: ClassName=Led Lighting Member=Component P1 Header 2
Added Member To Class: ClassName=Led Lighting Member=Component P2 Header 2
Added Member To Class: ClassName=Led Lighting Member=Component P3 Header 2
Added Member To Class: ClassName=Led Lighting Member=Component P4 Header 2
Added Member To Class: ClassName=Led Lighting Member=Component P5 Header 2
Added Member To Class: ClassName=Led Lighting Member=Component P6 Header 2
Added Member To Class: ClassName=Led Lighting Member=Component P7 Header 2
Added Member To Class: ClassName=Led Lighting Member=Component P8 Header 2
Added Member To Class: ClassName=Led Lighting Member=Component P9 Header 2
Added Member To Class: ClassName=Led Lighting Member=Component P10 Header 2
Added Member To Class: ClassName=Led Lighting Member=Component P11 Header 2
Added Member To Class: ClassName=Led Lighting Member=Component P? Header 2
Added Room: Name=Led Lighting
