Remove Pin=B1-1 From Net=1
Remove Pin=B1-2 From Net=2
Remove Pin=B1-3 From Net=INPUT
Remove Pin=B1-4 From Net=GND
Remove Pin=B2-1 From Net=3
Remove Pin=B2-2 From Net=4
Remove Pin=B2-3 From Net=INPUT
Remove Pin=B2-4 From Net=GND
Remove Pin=B3-2 From Net=6
Remove Pin=B3-3 From Net=INPUT
Remove Pin=B3-4 From Net=GND
Remove Pin=B4-1 From Net=7
Remove Pin=B4-2 From Net=8
Remove Pin=B4-3 From Net=INPUT
Remove Pin=B4-4 From Net=GND
Remove Pin=B5-1 From Net=9
Remove Pin=B5-2 From Net=10
Remove Pin=B5-3 From Net=INPUT
Remove Pin=B5-4 From Net=GND
Remove Pin=B6-1 From Net=11
Remove Pin=B6-2 From Net=12
Remove Pin=B6-3 From Net=INPUT
Remove Pin=B6-4 From Net=GND
Remove Pin=B7-1 From Net=13
Remove Pin=B7-2 From Net=14
Remove Pin=B7-3 From Net=INPUT
Remove Pin=B7-4 From Net=GND
Remove Pin=B8-2 From Net=16
Remove Pin=B8-3 From Net=INPUT
Remove Pin=B8-4 From Net=GND
Remove Pin=B9-1 From Net=17
Remove Pin=B9-2 From Net=18
Remove Pin=B9-3 From Net=INPUT
Remove Pin=B9-4 From Net=GND
Remove Pin=B10-1 From Net=19
Remove Pin=B10-2 From Net=20
Remove Pin=B10-3 From Net=INPUT
Remove Pin=B10-4 From Net=GND
Remove Pin=C1-1 From Net=INPUT
Remove Pin=P1-1 From Net=1
Remove Pin=P1-2 From Net=2
Remove Pin=P2-1 From Net=3
Remove Pin=P2-2 From Net=4
Remove Pin=P3-1 From Net=5
Remove Pin=P3-2 From Net=6
Remove Pin=P4-1 From Net=7
Remove Pin=P5-1 From Net=9
Remove Pin=P5-2 From Net=10
Remove Pin=P6-1 From Net=11
Remove Pin=P6-2 From Net=12
Remove Pin=P7-1 From Net=13
Remove Pin=P7-2 From Net=14
Remove Pin=P8-1 From Net=15
Remove Pin=P8-2 From Net=16
Remove Pin=P9-1 From Net=17
Remove Pin=P9-2 From Net=18
Remove Pin=P10-1 From Net=19
Remove Pin=P10-2 From Net=20
Remove Pin=P11-2 From Net=GND
