Remove Pin=B1-1 From Net=1
Remove Pin=B1-2 From Net=2
Remove Pin=B1-3 From Net=INPUT
Remove Pin=B2-1 From Net=3
Remove Pin=B2-2 From Net=4
Remove Pin=B2-3 From Net=INPUT
Remove Pin=B3-2 From Net=6
Remove Pin=B3-3 From Net=INPUT
Remove Pin=B4-1 From Net=7
Remove Pin=B4-2 From Net=8
Remove Pin=B4-3 From Net=INPUT
Remove Pin=B5-1 From Net=9
Remove Pin=B5-2 From Net=10
Remove Pin=B5-3 From Net=INPUT
Remove Pin=B6-1 From Net=11
Remove Pin=B6-2 From Net=12
Remove Pin=B6-3 From Net=INPUT
Remove Pin=B7-1 From Net=13
Remove Pin=B7-2 From Net=14
Remove Pin=B7-3 From Net=INPUT
Remove Pin=B8-2 From Net=16
Remove Pin=B8-3 From Net=INPUT
Remove Pin=B9-1 From Net=17
Remove Pin=B9-2 From Net=18
Remove Pin=B9-3 From Net=INPUT
Remove Pin=B10-1 From Net=19
Remove Pin=B10-2 From Net=20
Remove Pin=B10-3 From Net=INPUT
Remove Pin=C1-1 From Net=INPUT
Remove Pin=D1-2 From Net=21
Remove Pin=J1-1 From Net=1
Remove Pin=J1-2 From Net=2
Remove Pin=J1-3 From Net=3
Remove Pin=J1-4 From Net=4
Remove Pin=J1-5 From Net=5
Remove Pin=J1-6 From Net=6
Remove Pin=J1-7 From Net=7
Remove Pin=J1-8 From Net=8
Remove Pin=J1-9 From Net=9
Remove Pin=J1-10 From Net=10
Remove Pin=J1-11 From Net=11
Remove Pin=J1-12 From Net=12
Remove Pin=J1-13 From Net=13
Remove Pin=J1-14 From Net=14
Remove Pin=J1-15 From Net=15
Remove Pin=J1-16 From Net=16
Remove Pin=J1-17 From Net=17
Remove Pin=J1-18 From Net=18
Remove Pin=J1-19 From Net=19
Remove Pin=J1-20 From Net=20
Remove Pin=J1-21 From Net=21
