Removed Pin From Net: NetName=NetBQ25504_3 Pin=Roc1-1
Removed Pin From Net: NetName=GND Pin=Roc1-2
Removed Pin From Net: NetName=NetBQ25504_2 Pin=Roc2-1
Removed Pin From Net: NetName=NetBQ25504_3 Pin=Roc2-2
Removed Pin From Net: NetName=GND Pin=Rok1-1
Removed Pin From Net: NetName=NetBQ25504_10 Pin=Rok1-2
Removed Pin From Net: NetName=NetBQ25504_10 Pin=Rok2-1
Removed Pin From Net: NetName=NetBQ25504_9 Pin=Rok2-2
Removed Pin From Net: NetName=NetBQ25504_9 Pin=Rok3-1
Removed Pin From Net: NetName=NetBQ25504_7 Pin=Rok3-2
Removed Pin From Net: NetName=NetBQ25504_6 Pin=Rov1-1
Removed Pin From Net: NetName=GND Pin=Rov1-2
Removed Pin From Net: NetName=NetBQ25504_7 Pin=Rov2-1
Removed Pin From Net: NetName=NetBQ25504_6 Pin=Rov2-2
Removed Pin From Net: NetName=NetBQ25504_8 Pin=Ruv1-1
Removed Pin From Net: NetName=GND Pin=Ruv1-2
Removed Pin From Net: NetName=NetBQ25504_7 Pin=Ruv2-1
Removed Pin From Net: NetName=NetBQ25504_8 Pin=Ruv2-2
Change Component DesignItemId : Designator=Roc1 Old DesignItemId=Res Thermal New DesignItemId=Res3
Change Component DesignItemId : Designator=Roc2 Old DesignItemId=Res Thermal New DesignItemId=Res3
Change Component DesignItemId : Designator=Rok1 Old DesignItemId=Res Thermal New DesignItemId=Res3
Change Component DesignItemId : Designator=Rok2 Old DesignItemId=Res Thermal New DesignItemId=Res3
Change Component DesignItemId : Designator=Rok3 Old DesignItemId=Res Thermal New DesignItemId=Res3
Change Component DesignItemId : Designator=Rov1 Old DesignItemId=Res Thermal New DesignItemId=Res3
Change Component DesignItemId : Designator=Rov2 Old DesignItemId=Res Thermal New DesignItemId=Res3
Change Component DesignItemId : Designator=Ruv1 Old DesignItemId=Res Thermal New DesignItemId=Res3
Change Component DesignItemId : Designator=Ruv2 Old DesignItemId=Res Thermal New DesignItemId=Res3
Change Component Footprint: Designator=Roc1 Old Footprint=6-0805_N New Footprint=J1-0603
Change Component Footprint: Designator=Roc2 Old Footprint=6-0805_N New Footprint=J1-0603
Change Component Footprint: Designator=Rok1 Old Footprint=6-0805_N New Footprint=J1-0603
Change Component Footprint: Designator=Rok2 Old Footprint=6-0805_N New Footprint=J1-0603
Change Component Footprint: Designator=Rok3 Old Footprint=6-0805_N New Footprint=J1-0603
Change Component Footprint: Designator=Rov1 Old Footprint=6-0805_N New Footprint=J1-0603
Change Component Footprint: Designator=Rov2 Old Footprint=6-0805_N New Footprint=J1-0603
Change Component Footprint: Designator=Ruv1 Old Footprint=6-0805_N New Footprint=J1-0603
Change Component Footprint: Designator=Ruv2 Old Footprint=6-0805_N New Footprint=J1-0603
Change Component Comment : Designator=Roc1 Old Comment=Res Thermal New Comment=Res3
Change Component Comment : Designator=Roc2 Old Comment=Res Thermal New Comment=Res3
Change Component Comment : Designator=Rok1 Old Comment=Res Thermal New Comment=Res3
Change Component Comment : Designator=Rok2 Old Comment=Res Thermal New Comment=Res3
Change Component Comment : Designator=Rok3 Old Comment=Res Thermal New Comment=Res3
Change Component Comment : Designator=Rov1 Old Comment=Res Thermal New Comment=Res3
Change Component Comment : Designator=Rov2 Old Comment=Res Thermal New Comment=Res3
Change Component Comment : Designator=Ruv1 Old Comment=Res Thermal New Comment=Res3
Change Component Comment : Designator=Ruv2 Old Comment=Res Thermal New Comment=Res3
Change Component Designator: OldDesignator=P? NewDesignator=P1
Added Pin To Net: NetName=GND Pin=Roc1-1
Added Pin To Net: NetName=NetBQ25504_3 Pin=Roc1-2
Added Pin To Net: NetName=NetBQ25504_3 Pin=Roc2-1
Added Pin To Net: NetName=NetBQ25504_2 Pin=Roc2-2
Added Pin To Net: NetName=NetBQ25504_10 Pin=Rok1-1
Added Pin To Net: NetName=GND Pin=Rok1-2
Added Pin To Net: NetName=NetBQ25504_9 Pin=Rok2-1
Added Pin To Net: NetName=NetBQ25504_10 Pin=Rok2-2
Added Pin To Net: NetName=NetBQ25504_7 Pin=Rok3-1
Added Pin To Net: NetName=NetBQ25504_9 Pin=Rok3-2
Added Pin To Net: NetName=GND Pin=Rov1-1
Added Pin To Net: NetName=NetBQ25504_6 Pin=Rov1-2
Added Pin To Net: NetName=NetBQ25504_6 Pin=Rov2-1
Added Pin To Net: NetName=NetBQ25504_7 Pin=Rov2-2
Added Pin To Net: NetName=GND Pin=Ruv1-1
Added Pin To Net: NetName=NetBQ25504_8 Pin=Ruv1-2
Added Pin To Net: NetName=NetBQ25504_8 Pin=Ruv2-1
Added Pin To Net: NetName=NetBQ25504_7 Pin=Ruv2-2
Added Room: Name=Energyharvesting
