Added Pin To Net: NetName=NetChrv_2 Pin=Roc1-1
Added Pin To Net: NetName=GND Pin=Roc1-2
Added Pin To Net: NetName=NetChrv_2 Pin=Roc2-2
Added Pin To Net: NetName=GND Pin=Rok1-1
Added Pin To Net: NetName=GND Pin=Rov1-2
Added Pin To Net: NetName=GND Pin=Ruv1-2
Added Pin To Net: NetName=NetRok1_2 Pin=Rok1-2
Added Pin To Net: NetName=NetRok1_2 Pin=Rok2-1
Added Net: Name=NetRok1_2
Added Pin To Net: NetName=NetRok2_2 Pin=Rok2-2
Added Pin To Net: NetName=NetRok2_2 Pin=Rok3-1
Added Net: Name=NetRok2_2
Added Pin To Net: NetName=NetRok3_2 Pin=Rok3-2
Added Pin To Net: NetName=NetRok3_2 Pin=Rov2-1
Added Pin To Net: NetName=NetRok3_2 Pin=Ruv2-1
Added Net: Name=NetRok3_2
Added Pin To Net: NetName=NetRov1_1 Pin=Rov1-1
Added Pin To Net: NetName=NetRov1_1 Pin=Rov2-2
Added Net: Name=NetRov1_1
Added Pin To Net: NetName=NetRuv1_1 Pin=Ruv1-1
Added Pin To Net: NetName=NetRuv1_1 Pin=Ruv2-2
Added Net: Name=NetRuv1_1
