Added Component: Designator=BQ25504(BQ25504rgtt)
Added Component: Designator=Bridge(MB6S)
Added Component: Designator=Cbyp(C0805)
Added Component: Designator=Chrv(C0805)
Added Component: Designator=Cref(C0805)
Added Component: Designator=Cstor(C0805)
Added Component: Designator=D1(3.2X1.6X1.1)
Added Component: Designator=Lbst(0603)
Added Component: Designator=P?(HDR1X4)
Added Component: Designator=P?(HDR1X2)
Added Component: Designator=Roc1(6-0805_N)
Added Component: Designator=Roc2(6-0805_N)
Added Component: Designator=Rok1(6-0805_N)
Added Component: Designator=Rok2(6-0805_N)
Added Component: Designator=Rok3(6-0805_N)
Added Component: Designator=Rov1(6-0805_N)
Added Component: Designator=Rov2(6-0805_N)
Added Component: Designator=Ruv1(6-0805_N)
Added Component: Designator=Ruv2(6-0805_N)
Added Pin To Net: NetName=GND Pin=BQ25504-1
Added Pin To Net: NetName=GND Pin=BQ25504-5
Added Pin To Net: NetName=GND Pin=BQ25504-12
Added Pin To Net: NetName=GND Pin=BQ25504-13
Added Pin To Net: NetName=GND Pin=BQ25504-17
Added Pin To Net: NetName=GND Pin=Bridge-4
Added Pin To Net: NetName=GND Pin=Cbyp-2
Added Pin To Net: NetName=GND Pin=Chrv-1
Added Pin To Net: NetName=GND Pin=Cref-1
Added Pin To Net: NetName=GND Pin=Cstor-2
Added Pin To Net: NetName=GND Pin=P?-1
Added Pin To Net: NetName=GND Pin=Roc1-2
Added Pin To Net: NetName=GND Pin=Rok1-1
Added Pin To Net: NetName=GND Pin=Rov1-2
Added Pin To Net: NetName=GND Pin=Ruv1-2
Added Net: Name=GND
Added Pin To Net: NetName=NetBQ25504_2 Pin=BQ25504-2
Added Pin To Net: NetName=NetBQ25504_2 Pin=Bridge-3
Added Pin To Net: NetName=NetBQ25504_2 Pin=Chrv-2
Added Pin To Net: NetName=NetBQ25504_2 Pin=Lbst-1
Added Pin To Net: NetName=NetBQ25504_2 Pin=Roc2-1
Added Net: Name=NetBQ25504_2
Added Pin To Net: NetName=NetBQ25504_3 Pin=BQ25504-3
Added Pin To Net: NetName=NetBQ25504_3 Pin=Roc1-1
Added Pin To Net: NetName=NetBQ25504_3 Pin=Roc2-2
Added Net: Name=NetBQ25504_3
Added Pin To Net: NetName=NetBQ25504_4 Pin=BQ25504-4
Added Pin To Net: NetName=NetBQ25504_4 Pin=Cref-2
Added Net: Name=NetBQ25504_4
Added Pin To Net: NetName=NetBQ25504_6 Pin=BQ25504-6
Added Pin To Net: NetName=NetBQ25504_6 Pin=Rov1-1
Added Pin To Net: NetName=NetBQ25504_6 Pin=Rov2-2
Added Net: Name=NetBQ25504_6
Added Pin To Net: NetName=NetBQ25504_7 Pin=BQ25504-7
Added Pin To Net: NetName=NetBQ25504_7 Pin=Rok3-2
Added Pin To Net: NetName=NetBQ25504_7 Pin=Rov2-1
Added Pin To Net: NetName=NetBQ25504_7 Pin=Ruv2-1
Added Net: Name=NetBQ25504_7
Added Pin To Net: NetName=NetBQ25504_8 Pin=BQ25504-8
Added Pin To Net: NetName=NetBQ25504_8 Pin=Ruv1-1
Added Pin To Net: NetName=NetBQ25504_8 Pin=Ruv2-2
Added Net: Name=NetBQ25504_8
Added Pin To Net: NetName=NetBQ25504_9 Pin=BQ25504-9
Added Pin To Net: NetName=NetBQ25504_9 Pin=Rok2-2
Added Pin To Net: NetName=NetBQ25504_9 Pin=Rok3-1
Added Net: Name=NetBQ25504_9
Added Pin To Net: NetName=NetBQ25504_10 Pin=BQ25504-10
Added Pin To Net: NetName=NetBQ25504_10 Pin=Rok1-2
Added Pin To Net: NetName=NetBQ25504_10 Pin=Rok2-1
Added Net: Name=NetBQ25504_10
Added Pin To Net: NetName=NetBQ25504_11 Pin=BQ25504-11
Added Net: Name=NetBQ25504_11
Added Pin To Net: NetName=NetBQ25504_14 Pin=BQ25504-14
Added Pin To Net: NetName=NetBQ25504_14 Pin=D1-1
Added Net: Name=NetBQ25504_14
Added Pin To Net: NetName=NetBQ25504_15 Pin=BQ25504-15
Added Pin To Net: NetName=NetBQ25504_15 Pin=Cbyp-1
Added Pin To Net: NetName=NetBQ25504_15 Pin=Cstor-1
Added Net: Name=NetBQ25504_15
Added Pin To Net: NetName=NetBQ25504_16 Pin=BQ25504-16
Added Pin To Net: NetName=NetBQ25504_16 Pin=Lbst-2
Added Net: Name=NetBQ25504_16
Added Pin To Net: NetName=NetBridge_1 Pin=Bridge-1
Added Pin To Net: NetName=NetBridge_1 Pin=P?-2
Added Net: Name=NetBridge_1
Added Pin To Net: NetName=NetBridge_2 Pin=Bridge-2
Added Pin To Net: NetName=NetBridge_2 Pin=P?-1
Added Net: Name=NetBridge_2
Added Pin To Net: NetName=NetD1_2 Pin=D1-2
Added Pin To Net: NetName=NetD1_2 Pin=P?-2
Added Net: Name=NetD1_2
Added Class: Name=Energyharvesting
Added Room: Name=Energyharvesting
